starting 0.0.0.0 on 8087...
GET /iss.html HTTP/1.1

Host: block335027-tng.blueboxgrid.com:8087

Connection: keep-alive

Cache-Control: max-age=0

User-Agent: Mozilla/5.0 (X11; Linux x86_64) AppleWebKit/535.11 (KHTML, like Gecko) Ubuntu/11.10 Chromium/17.0.963.65 Chrome/17.0.963.65 Safari/535.11

Accept: text/html,application/xhtml+xml,application/xml;q=0.9,*/*;q=0.8

Referer: http://block335027-tng.blueboxgrid.com/

Accept-Encoding: gzip,deflate,sdch

Accept-Language: en-US,en;q=0.8

Accept-Charset: ISO-8859-1,utf-8;q=0.7,*;q=0.3



fetching: /iss.html
GET /favicon.ico HTTP/1.1

Host: block335027-tng.blueboxgrid.com:8087

Connection: keep-alive

Accept: */*

User-Agent: Mozilla/5.0 (X11; Linux x86_64) AppleWebKit/535.11 (KHTML, like Gecko) Ubuntu/11.10 Chromium/17.0.963.65 Chrome/17.0.963.65 Safari/535.11

Accept-Encoding: gzip,deflate,sdch

Accept-Language: en-US,en;q=0.8

Accept-Charset: ISO-8859-1,utf-8;q=0.7,*;q=0.3



fetching: /favicon.ico
GET /iss.html HTTP/1.1

Host: block335027-tng.blueboxgrid.com:8087

Connection: keep-alive

Cache-Control: max-age=0

User-Agent: Mozilla/5.0 (X11; Linux x86_64) AppleWebKit/535.11 (KHTML, like Gecko) Ubuntu/11.10 Chromium/17.0.963.65 Chrome/17.0.963.65 Safari/535.11

Accept: text/html,application/xhtml+xml,application/xml;q=0.9,*/*;q=0.8

Referer: http://block335027-tng.blueboxgrid.com/

Accept-Encoding: gzip,deflate,sdch

Accept-Language: en-US,en;q=0.8

Accept-Charset: ISO-8859-1,utf-8;q=0.7,*;q=0.3



fetching: /iss.html
GET /favicon.ico HTTP/1.1

Host: block335027-tng.blueboxgrid.com:8087

Connection: keep-alive

Accept: */*

User-Agent: Mozilla/5.0 (X11; Linux x86_64) AppleWebKit/535.11 (KHTML, like Gecko) Ubuntu/11.10 Chromium/17.0.963.65 Chrome/17.0.963.65 Safari/535.11

Accept-Encoding: gzip,deflate,sdch

Accept-Language: en-US,en;q=0.8

Accept-Charset: ISO-8859-1,utf-8;q=0.7,*;q=0.3



fetching: /favicon.ico
GET /iss.html HTTP/1.1

Host: block335027-tng.blueboxgrid.com:8087

Connection: keep-alive

User-Agent: Mozilla/5.0 (X11; Linux x86_64) AppleWebKit/535.11 (KHTML, like Gecko) Ubuntu/11.10 Chromium/17.0.963.65 Chrome/17.0.963.65 Safari/535.11

Accept: text/html,application/xhtml+xml,application/xml;q=0.9,*/*;q=0.8

Accept-Encoding: gzip,deflate,sdch

Accept-Language: en-US,en;q=0.8

Accept-Charset: ISO-8859-1,utf-8;q=0.7,*;q=0.3



fetching: /iss.html
GET /favicon.ico HTTP/1.1

Host: block335027-tng.blueboxgrid.com:8087

Connection: keep-alive

Accept: */*

User-Agent: Mozilla/5.0 (X11; Linux x86_64) AppleWebKit/535.11 (KHTML, like Gecko) Ubuntu/11.10 Chromium/17.0.963.65 Chrome/17.0.963.65 Safari/535.11

Accept-Encoding: gzip,deflate,sdch

Accept-Language: en-US,en;q=0.8

Accept-Charset: ISO-8859-1,utf-8;q=0.7,*;q=0.3



fetching: /favicon.ico
GET /iss.html HTTP/1.1

Host: block335027-tng.blueboxgrid.com:8087

Connection: keep-alive

User-Agent: Mozilla/5.0 (X11; Linux x86_64) AppleWebKit/535.11 (KHTML, like Gecko) Ubuntu/11.10 Chromium/17.0.963.65 Chrome/17.0.963.65 Safari/535.11

Accept: text/html,application/xhtml+xml,application/xml;q=0.9,*/*;q=0.8

Referer: http://block335027-tng.blueboxgrid.com/

Accept-Encoding: gzip,deflate,sdch

Accept-Language: en-US,en;q=0.8

Accept-Charset: ISO-8859-1,utf-8;q=0.7,*;q=0.3



fetching: /iss.html
GET /favicon.ico HTTP/1.1

Host: block335027-tng.blueboxgrid.com:8087

Connection: keep-alive

Accept: */*

User-Agent: Mozilla/5.0 (X11; Linux x86_64) AppleWebKit/535.11 (KHTML, like Gecko) Ubuntu/11.10 Chromium/17.0.963.65 Chrome/17.0.963.65 Safari/535.11

Accept-Encoding: gzip,deflate,sdch

Accept-Language: en-US,en;q=0.8

Accept-Charset: ISO-8859-1,utf-8;q=0.7,*;q=0.3



fetching: /favicon.ico
GET / HTTP/1.1

Host: block335027-tng.blueboxgrid.com:8087

Connection: keep-alive

User-Agent: Mozilla/5.0 (X11; Linux x86_64) AppleWebKit/535.11 (KHTML, like Gecko) Ubuntu/11.10 Chromium/17.0.963.65 Chrome/17.0.963.65 Safari/535.11

Accept: text/html,application/xhtml+xml,application/xml;q=0.9,*/*;q=0.8

Accept-Encoding: gzip,deflate,sdch

Accept-Language: en-US,en;q=0.8

Accept-Charset: ISO-8859-1,utf-8;q=0.7,*;q=0.3



fetching: /
GET /favicon.ico HTTP/1.1

Host: block335027-tng.blueboxgrid.com:8087

Connection: keep-alive

Accept: */*

User-Agent: Mozilla/5.0 (X11; Linux x86_64) AppleWebKit/535.11 (KHTML, like Gecko) Ubuntu/11.10 Chromium/17.0.963.65 Chrome/17.0.963.65 Safari/535.11

Accept-Encoding: gzip,deflate,sdch

Accept-Language: en-US,en;q=0.8

Accept-Charset: ISO-8859-1,utf-8;q=0.7,*;q=0.3



fetching: /favicon.ico
GET /ISS_30_Min.py HTTP/1.1

Host: block335027-tng.blueboxgrid.com:8087

Connection: keep-alive

User-Agent: Mozilla/5.0 (X11; Linux x86_64) AppleWebKit/535.11 (KHTML, like Gecko) Ubuntu/11.10 Chromium/17.0.963.65 Chrome/17.0.963.65 Safari/535.11

Accept: text/html,application/xhtml+xml,application/xml;q=0.9,*/*;q=0.8

Referer: http://block335027-tng.blueboxgrid.com:8087/

Accept-Encoding: gzip,deflate,sdch

Accept-Language: en-US,en;q=0.8

Accept-Charset: ISO-8859-1,utf-8;q=0.7,*;q=0.3



fetching: /ISS_30_Min.py
GET /iss.html HTTP/1.1

Host: block335027-tng.blueboxgrid.com:8087

Connection: keep-alive

User-Agent: Mozilla/5.0 (X11; Linux x86_64) AppleWebKit/535.11 (KHTML, like Gecko) Ubuntu/11.10 Chromium/17.0.963.65 Chrome/17.0.963.65 Safari/535.11

Accept: text/html,application/xhtml+xml,application/xml;q=0.9,*/*;q=0.8

Accept-Encoding: gzip,deflate,sdch

Accept-Language: en-US,en;q=0.8

Accept-Charset: ISO-8859-1,utf-8;q=0.7,*;q=0.3



fetching: /iss.html
GET /favicon.ico HTTP/1.1

Host: block335027-tng.blueboxgrid.com:8087

Connection: keep-alive

Accept: */*

User-Agent: Mozilla/5.0 (X11; Linux x86_64) AppleWebKit/535.11 (KHTML, like Gecko) Ubuntu/11.10 Chromium/17.0.963.65 Chrome/17.0.963.65 Safari/535.11

Accept-Encoding: gzip,deflate,sdch

Accept-Language: en-US,en;q=0.8

Accept-Charset: ISO-8859-1,utf-8;q=0.7,*;q=0.3



fetching: /favicon.ico
GET / HTTP/1.1

Host: block335027-tng.blueboxgrid.com:8087

Connection: keep-alive

User-Agent: Mozilla/5.0 (X11; Linux x86_64) AppleWebKit/535.11 (KHTML, like Gecko) Ubuntu/11.10 Chromium/17.0.963.65 Chrome/17.0.963.65 Safari/535.11

Accept: text/html,application/xhtml+xml,application/xml;q=0.9,*/*;q=0.8

Accept-Encoding: gzip,deflate,sdch

Accept-Language: en-US,en;q=0.8

Accept-Charset: ISO-8859-1,utf-8;q=0.7,*;q=0.3

Cookie: sessionid=7f38c1ae7bf78fd4936165d5379f1c8f



fetching: /
GET /favicon.ico HTTP/1.1

Host: block335027-tng.blueboxgrid.com:8087

Connection: keep-alive

Accept: */*

User-Agent: Mozilla/5.0 (X11; Linux x86_64) AppleWebKit/535.11 (KHTML, like Gecko) Ubuntu/11.10 Chromium/17.0.963.65 Chrome/17.0.963.65 Safari/535.11

Accept-Encoding: gzip,deflate,sdch

Accept-Language: en-US,en;q=0.8

Accept-Charset: ISO-8859-1,utf-8;q=0.7,*;q=0.3

Cookie: sessionid=7f38c1ae7bf78fd4936165d5379f1c8f



fetching: /favicon.ico
GET /iss.html HTTP/1.1

Host: block335027-tng.blueboxgrid.com:8087

Connection: keep-alive

User-Agent: Mozilla/5.0 (X11; Linux x86_64) AppleWebKit/535.11 (KHTML, like Gecko) Ubuntu/11.10 Chromium/17.0.963.65 Chrome/17.0.963.65 Safari/535.11

Accept: text/html,application/xhtml+xml,application/xml;q=0.9,*/*;q=0.8

Referer: http://block335027-tng.blueboxgrid.com/

Accept-Encoding: gzip,deflate,sdch

Accept-Language: en-US,en;q=0.8

Accept-Charset: ISO-8859-1,utf-8;q=0.7,*;q=0.3

Cookie: sessionid=7f38c1ae7bf78fd4936165d5379f1c8f



fetching: /iss.html
GET /favicon.ico HTTP/1.1

Host: block335027-tng.blueboxgrid.com:8087

Connection: keep-alive

Accept: */*

User-Agent: Mozilla/5.0 (X11; Linux x86_64) AppleWebKit/535.11 (KHTML, like Gecko) Ubuntu/11.10 Chromium/17.0.963.65 Chrome/17.0.963.65 Safari/535.11

Accept-Encoding: gzip,deflate,sdch

Accept-Language: en-US,en;q=0.8

Accept-Charset: ISO-8859-1,utf-8;q=0.7,*;q=0.3

Cookie: sessionid=7f38c1ae7bf78fd4936165d5379f1c8f



fetching: /favicon.ico
GET /iss.html HTTP/1.1

Host: block335027-tng.blueboxgrid.com:8087

Connection: keep-alive

User-Agent: Mozilla/5.0 (X11; Linux x86_64) AppleWebKit/535.11 (KHTML, like Gecko) Ubuntu/11.10 Chromium/17.0