70-6-107-19.pools.spcsdns.net - - [08/Mar/2012 01:37:28] "GET /echo_wsgi_persist.py?message=test3 HTTP/1.1" 200 94
70-6-107-19.pools.spcsdns.net - - [08/Mar/2012 01:37:28] "GET /favicon.ico HTTP/1.1" 200 110
70-6-107-19.pools.spcsdns.net - - [08/Mar/2012 01:37:32] "GET /echo_wsgi_persist.py?message=test4 HTTP/1.1" 200 104
70-6-107-19.pools.spcsdns.net - - [08/Mar/2012 01:37:32] "GET /favicon.ico HTTP/1.1" 200 110
70-6-107-19.pools.spcsdns.net - - [08/Mar/2012 01:37:35] "GET /echo_wsgi_persist.html HTTP/1.1" 200 215
70-6-107-19.pools.spcsdns.net - - [08/Mar/2012 01:37:36] "GET /favicon.ico HTTP/1.1" 200 110
70-6-107-19.pools.spcsdns.net - - [08/Mar/2012 01:37:40] "GET /echo_wsgi_persist.py?message=Test+it+out HTTP/1.1" 200 120
70-6-107-19.pools.spcsdns.net - - [08/Mar/2012 01:37:40] "GET /favicon.ico HTTP/1.1" 200 110
70-6-107-19.pools.spcsdns.net - - [08/Mar/2012 01:46:15] "GET /echo_wsgi_persist.html HTTP/1.1" 200 215
70-6-107-19.pools.spcsdns.net - - [08/Mar/2012 01:46:16] "GET /favicon.ico HTTP/1.1" 200 110
70-6-107-19.pools.spcsdns.net - - [08/Mar/2012 01:46:20] "GET /echo_wsgi_persist.py?message=tes HTTP/1.1" 200 128
70-6-107-19.pools.spcsdns.net - - [08/Mar/2012 01:46:20] "GET /favicon.ico HTTP/1.1" 200 110
70-6-107-19.pools.spcsdns.net - - [08/Mar/2012 01:46:23] "GET /echo_wsgi_persist.py?message=tes HTTP/1.1" 200 136
70-6-107-19.pools.spcsdns.net - - [08/Mar/2012 01:46:23] "GET /favicon.ico HTTP/1.1" 200 110
70-6-107-19.pools.spcsdns.net - - [08/Mar/2012 01:46:45] "GET /favicon.ico HTTP/1.1" 200 110
70-6-107-19.pools.spcsdns.net - - [08/Mar/2012 01:46:50] "GET /echo_wsgi_persist.py?message=The+first+line+still+displays+Message%2C+setting+it+apart+from+previous+lines+of+data. HTTP/1.1" 200 225
70-6-107-19.pools.spcsdns.net - - [08/Mar/2012 01:46:51] "GET /favicon.ico HTTP/1.1" 200 110
70-6-107-19.pools.spcsdns.net - - [08/Mar/2012 01:46:57] "GET /favicon.ico HTTP/1.1" 200 110
70-6-107-19.pools.spcsdns.net - - [08/Mar/2012 01:52:59] "GET /echo_wsgi_persist.html HTTP/1.1" 200 215
70-6-107-19.pools.spcsdns.net - - [08/Mar/2012 01:52:59] "GET /favicon.ico HTTP/1.1" 200 110
70-6-107-19.pools.spcsdns.net - - [08/Mar/2012 01:53:03] "GET /echo_wsgi_persist.py?message=Hello HTTP/1.1" 200 235
70-6-107-19.pools.spcsdns.net - - [08/Mar/2012 01:53:04] "GET /favicon.ico HTTP/1.1" 200 110
70-6-107-19.pools.spcsdns.net - - [08/Mar/2012 01:53:07] "GET /favicon.ico HTTP/1.1" 200 110
70-6-107-19.pools.spcsdns.net - - [08/Mar/2012 02:14:59] "GET /echo_wsgi_persist.html HTTP/1.1" 200 215
70-6-107-19.pools.spcsdns.net - - [08/Mar/2012 02:15:02] "GET /favicon.ico HTTP/1.1" 200 110
70-6-107-19.pools.spcsdns.net - - [08/Mar/2012 02:15:15] "GET /echo_wsgi_persist.py?message=Testing+nohup+after+closing+session. HTTP/1.1" 200 276
70-6-107-19.pools.spcsdns.net - - [08/Mar/2012 02:15:15] "GET /favicon.ico HTTP/1.1" 200 110
70-6-107-19.pools.spcsdns.net - - [08/Mar/2012 02:15:20] "GET /favicon.ico HTTP/1.1" 200 110
70-6-228-248.pools.spcsdns.net - - [09/Mar/2012 21:48:02] "GET /echo_wsgi_persist.html HTTP/1.1" 200 215
70-6-228-248.pools.spcsdns.net - - [09/Mar/2012 21:48:03] "GET /favicon.ico HTTP/1.1" 200 110
70-6-228-248.pools.spcsdns.net - - [10/Mar/2012 02:44:25] "GET /echo_wsgi_persist.html HTTP/1.1" 200 215
70-6-228-248.pools.spcsdns.net - - [10/Mar/2012 02:44:49] "GET /echo_wsgi_persist.html HTTP/1.1" 200 215
70-6-228-248.pools.spcsdns.net - - [10/Mar/2012 02:44:49] "GET /favicon.ico HTTP/1.1" 200 110
70-6-228-248.pools.spcsdns.net - - [10/Mar/2012 02:57:05] "GET /echo_wsgi_persist.html HTTP/1.1" 200 215
70-6-228-248.pools.spcsdns.net - - [10/Mar/2012 02:57:06] "GET /favicon.ico HTTP/1.1" 200 110
